<?xml version="1.0" encoding="UTF-8"?>
<testng-results ignored="0" total="2" passed="2" failed="0" skipped="0">
  <reporter-output>
    <line>
      <![CDATA[suriya]]>
    </line>
    <line>
      <![CDATA[Johnson]]>
    </line>
    <line>
      <![CDATA[Mani]]>
    </line>
    <line>
      <![CDATA[Kandan]]>
    </line>
  </reporter-output>
  <suite started-at="2023-12-06T15:19:28 IST" name="Default suite" finished-at="2023-12-06T15:19:29 IST" duration-ms="1105">
    <groups>
    </groups>
    <test started-at="2023-12-06T15:19:28 IST" name="Default test" finished-at="2023-12-06T15:19:29 IST" duration-ms="1105">
      <class name="QCO_SOJVD_M13.TestCase1">
        <test-method signature="test(java.lang.String, java.lang.String)[pri:0, instance:QCO_SOJVD_M13.TestCase1@2bbf180e]" started-at="2023-12-06T15:19:29 IST" name="test" data-provider="testdata" finished-at="2023-12-06T15:19:29 IST" duration-ms="8" status="PASS">
          <params>
            <param index="0">
              <value>
                <![CDATA[suriya]]>
              </value>
            </param>
            <param index="1">
              <value>
                <![CDATA[Johnson]]>
              </value>
            </param>
          </params>
          <reporter-output>
            <line>
              <![CDATA[suriya]]>
            </line>
            <line>
              <![CDATA[Johnson]]>
            </line>
          </reporter-output>
        </test-method> <!-- test -->
        <test-method signature="test(java.lang.String, java.lang.String)[pri:0, instance:QCO_SOJVD_M13.TestCase1@2bbf180e]" started-at="2023-12-06T15:19:29 IST" name="test" data-provider="testdata" finished-at="2023-12-06T15:19:29 IST" duration-ms="3" status="PASS">
          <params>
            <param index="0">
              <value>
                <![CDATA[Mani]]>
              </value>
            </param>
            <param index="1">
              <value>
                <![CDATA[Kandan]]>
              </value>
            </param>
          </params>
          <reporter-output>
            <line>
              <![CDATA[Mani]]>
            </line>
            <line>
              <![CDATA[Kandan]]>
            </line>
          </reporter-output>
        </test-method> <!-- test -->
      </class> <!-- QCO_SOJVD_M13.TestCase1 -->
    </test> <!-- Default test -->
  </suite> <!-- Default suite -->
</testng-results>
