<?xml version="1.0" encoding="UTF-8"?>
<!-- Generated by org.testng.reporters.JUnitXMLReporter -->
<testsuite ignored="0" hostname="suriya" failures="0" tests="3" name="Test" time="5.506" errors="0" timestamp="2023-12-06T12:59:26 IST">
  <testcase classname="QCO_SOJVD_M13.TestCase1" name="testCase1" time="5.45"/>
  <testcase classname="QCO_SOJVD_M13.TestCase1" name="testCase3" time="0.001"/>
  <testcase classname="QCO_SOJVD_M13.TestCase1" name="testCase2" time="0.003"/>
</testsuite> <!-- Test -->
